2023-01-01 17:09:10.950 [INFO ] [org.hibernate.validator.internal.util.Version] [background-preinit]- HV000001: Hibernate Validator 6.2.5.Final
2023-01-01 17:09:10.992 [INFO ] [org.springframework.boot.StartupInfoLogger] [main]- Starting MessageServerApplication using Java 17.0.3 on Hyeongjun-Kim with PID 1204 (C:\가천_카카오_엔터프라이즈\기업실무_프로젝트\message-server\build\classes\java\main started by Hyeongjun Kim in C:\가천_카카오_엔터프라이즈\기업실무_프로젝트\message-server)
2023-01-01 17:09:10.996 [INFO ] [org.springframework.boot.SpringApplication] [main]- No active profile set, falling back to 1 default profile: "default"
2023-01-01 17:09:11.808 [INFO ] [org.springframework.data.repository.config.RepositoryConfigurationDelegate] [main]- Bootstrapping Spring Data JPA repositories in DEFAULT mode.
2023-01-01 17:09:11.831 [INFO ] [org.springframework.data.repository.config.RepositoryConfigurationDelegate] [main]- Finished Spring Data repository scanning in 11 ms. Found 0 JPA repository interfaces.
2023-01-01 17:09:12.375 [INFO ] [org.springframework.boot.web.embedded.tomcat.TomcatWebServer] [main]- Tomcat initialized with port(s): 8080 (http)
2023-01-01 17:09:12.384 [INFO ] [org.apache.juli.logging.DirectJDKLog] [main]- Initializing ProtocolHandler ["http-nio-8080"]
2023-01-01 17:09:12.385 [INFO ] [org.apache.juli.logging.DirectJDKLog] [main]- Starting service [Tomcat]
2023-01-01 17:09:12.385 [INFO ] [org.apache.juli.logging.DirectJDKLog] [main]- Starting Servlet engine: [Apache Tomcat/9.0.65]
2023-01-01 17:09:12.517 [INFO ] [org.apache.juli.logging.DirectJDKLog] [main]- Initializing Spring embedded WebApplicationContext
2023-01-01 17:09:12.517 [INFO ] [org.springframework.boot.web.servlet.context.ServletWebServerApplicationContext] [main]- Root WebApplicationContext: initialization completed in 1479 ms
2023-01-01 17:09:12.634 [INFO ] [org.hibernate.jpa.internal.util.LogHelper] [main]- HHH000204: Processing PersistenceUnitInfo [name: default]
2023-01-01 17:09:12.680 [INFO ] [org.hibernate.Version] [main]- HHH000412: Hibernate ORM core version 5.6.11.Final
2023-01-01 17:09:12.835 [INFO ] [org.hibernate.annotations.common.reflection.java.JavaReflectionManager] [main]- HCANN000001: Hibernate Commons Annotations {5.1.2.Final}
2023-01-01 17:09:12.936 [INFO ] [com.zaxxer.hikari.HikariDataSource] [main]- HikariPool-1 - Starting...
2023-01-01 17:09:13.322 [INFO ] [com.zaxxer.hikari.HikariDataSource] [main]- HikariPool-1 - Start completed.
2023-01-01 17:09:13.350 [INFO ] [org.hibernate.dialect.Dialect] [main]- HHH000400: Using dialect: org.hibernate.dialect.MySQL57Dialect
2023-01-01 17:09:13.564 [INFO ] [org.hibernate.engine.transaction.jta.platform.internal.JtaPlatformInitiator] [main]- HHH000490: Using JtaPlatform implementation: [org.hibernate.engine.transaction.jta.platform.internal.NoJtaPlatform]
2023-01-01 17:09:13.572 [INFO ] [org.springframework.orm.jpa.AbstractEntityManagerFactoryBean] [main]- Initialized JPA EntityManagerFactory for persistence unit 'default'
2023-01-01 17:09:13.753 [WARN ] [org.springframework.boot.autoconfigure.orm.jpa.JpaBaseConfiguration$JpaWebConfiguration] [main]- spring.jpa.open-in-view is enabled by default. Therefore, database queries may be performed during view rendering. Explicitly configure spring.jpa.open-in-view to disable this warning
2023-01-01 17:09:14.154 [INFO ] [org.apache.juli.logging.DirectJDKLog] [main]- Starting ProtocolHandler ["http-nio-8080"]
2023-01-01 17:09:14.177 [INFO ] [org.springframework.boot.web.embedded.tomcat.TomcatWebServer] [main]- Tomcat started on port(s): 8080 (http) with context path ''
2023-01-01 17:09:14.221 [INFO ] [org.springframework.boot.StartupInfoLogger] [main]- Started MessageServerApplication in 3.584 seconds (JVM running for 4.91)
2023-01-01 17:09:20.367 [INFO ] [org.springframework.orm.jpa.AbstractEntityManagerFactoryBean] [SpringApplicationShutdownHook]- Closing JPA EntityManagerFactory for persistence unit 'default'
2023-01-01 17:09:20.369 [INFO ] [com.zaxxer.hikari.HikariDataSource] [SpringApplicationShutdownHook]- HikariPool-1 - Shutdown initiated...
2023-01-01 17:09:20.374 [INFO ] [com.zaxxer.hikari.HikariDataSource] [SpringApplicationShutdownHook]- HikariPool-1 - Shutdown completed.
